<?xml version="1.0" encoding="UTF-8"?>
<testsuite xmlns:xsi="http://www.w3.org/2001/XMLSchema-instance" xsi:noNamespaceSchemaLocation="https://maven.apache.org/surefire/maven-surefire-plugin/xsd/surefire-test-report.xsd" name="io.github.rafih268.holiday.helper.TreeNodeTest" time="0.049" tests="2" errors="0" skipped="0" failures="0">
  <properties>
[...]
</properties>
  <testcase name="testLeafNodeCreation" classname="io.github.rafih268.holiday.helper.TreeNodeTest" time="0.034"/>
  <testcase name="testIsLeaf" classname="io.github.rafih268.holiday.helper.TreeNodeTest" time="0.008"/>
</testsuite>